<?xml version="1.0" encoding="UTF-8"?>
<!-- Generated by org.testng.reporters.JUnitReportReporter -->
<testsuite hostname="DESKTOP-HK3C5GE" failures="0" tests="1" name="cucumberOptions.TestRunner" time="0.044" errors="0" timestamp="2022-01-22T12:38:56 GMT" skipped="0">
  <testcase classname="cucumberOptions.TestRunner" name="feature" time="0.044"/>
  <system-out/>
</testsuite> <!-- cucumberOptions.TestRunner -->
